<?xml version="1.0" encoding="UTF-8"?>
<!-- Generated by org.testng.reporters.JUnitReportReporter -->
<testsuite hostname="DESKTOP-1G9P37M" failures="0" tests="1" name="TestClasses.verifyUserCanLogin" time="9.950" errors="0" timestamp="2022-08-11T08:58:48 IST" skipped="0">
  <testcase classname="TestClasses.verifyUserCanLogin" name="verifyUserCanLogin" time="9.950"/>
  <system-out/>
</testsuite> <!-- TestClasses.verifyUserCanLogin -->
