<?xml version="1.0" encoding="UTF-8"?>
<!-- Generated by org.testng.reporters.JUnitReportReporter -->
<testsuite hostname="DESKTOP-1G9P37M" failures="0" tests="3" name="TestClasses.verifyUserCanSeeProductDetailsWhileSelectProduct" time="43.509" errors="0" timestamp="2022-08-11T10:08:51 IST" skipped="0">
  <testcase classname="TestClasses.verifyUserCanSeeProductDetailsWhileSelectProduct" name="verifyUserCanLogin" time="9.685"/>
  <system-out/>
  <testcase classname="TestClasses.verifyUserCanSeeProductDetailsWhileSelectProduct" name="verifyUserCanChooseCatagory" time="9.337"/>
  <system-out/>
  <testcase classname="TestClasses.verifyUserCanSeeProductDetailsWhileSelectProduct" name="verifyUserCanSeeProductDetailsWhileSelectProduct" time="24.487"/>
  <system-out/>
</testsuite> <!-- TestClasses.verifyUserCanSeeProductDetailsWhileSelectProduct -->
