<?xml version="1.0" encoding="UTF-8"?>
<!-- Generated by org.testng.reporters.JUnitReportReporter -->
<testsuite hostname="DESKTOP-1G9P37M" failures="0" tests="2" name="TestClasses.verifyUserCanChooseCatagory" time="18.926" errors="0" timestamp="2022-08-11T09:39:51 IST" skipped="0">
  <testcase classname="TestClasses.verifyUserCanChooseCatagory" name="verifyUserCanLogin" time="9.720"/>
  <system-out/>
  <testcase classname="TestClasses.verifyUserCanChooseCatagory" name="verifyUserCanChooseCatagory" time="9.206"/>
  <system-out/>
</testsuite> <!-- TestClasses.verifyUserCanChooseCatagory -->
